{"F:\\save\\EPSI\\msprPayeTonKawa\\api\\revendeur\\src\\security\\verifyUser.js": {"path":"F:\\save\\EPSI\\msprPayeTonKawa\\api\\revendeur\\src\\security\\verifyUser.js","statementMap":{"0":{"start":{"line":3,"column":12},"end":{"line":3,"column":35}},"1":{"start":{"line":5,"column":28},"end":{"line":19,"column":1}},"2":{"start":{"line":7,"column":16},"end":{"line":7,"column":114}},"3":{"start":{"line":8,"column":2},"end":{"line":8,"column":21}},"4":{"start":{"line":10,"column":2},"end":{"line":12,"column":3}},"5":{"start":{"line":11,"column":4},"end":{"line":11,"column":74}},"6":{"start":{"line":13,"column":2},"end":{"line":17,"column":3}},"7":{"start":{"line":14,"column":4},"end":{"line":14,"column":70}},"8":{"start":{"line":16,"column":4},"end":{"line":16,"column":49}},"9":{"start":{"line":18,"column":2},"end":{"line":18,"column":16}},"10":{"start":{"line":21,"column":0},"end":{"line":23,"column":2}}},"fnMap":{"0":{"name":"(anonymous_0)","decl":{"start":{"line":5,"column":28},"end":{"line":5,"column":29}},"loc":{"start":{"line":5,"column":54},"end":{"line":19,"column":1}},"line":5}},"branchMap":{"0":{"loc":{"start":{"line":7,"column":16},"end":{"line":7,"column":114}},"type":"binary-expr","locations":[{"start":{"line":7,"column":16},"end":{"line":7,"column":30}},{"start":{"line":7,"column":34},"end":{"line":7,"column":49}},{"start":{"line":7,"column":53},"end":{"line":7,"column":82}},{"start":{"line":7,"column":86},"end":{"line":7,"column":114}}],"line":7},"1":{"loc":{"start":{"line":10,"column":2},"end":{"line":12,"column":3}},"type":"if","locations":[{"start":{"line":10,"column":2},"end":{"line":12,"column":3}},{"start":{},"end":{}}],"line":10}},"s":{"0":1,"1":1,"2":1,"3":0,"4":0,"5":0,"6":0,"7":0,"8":0,"9":0,"10":1},"f":{"0":1},"b":{"0":[1,0,0,0],"1":[0,0]},"_coverageSchema":"1a1c01bbd47fc00a2c39e90264f33305004495a9","hash":"93c5fe6e6a42ee4a664da2a75e9f01a2b7dca4fa"}
,"F:\\save\\EPSI\\msprPayeTonKawa\\api\\revendeur\\src\\services\\customerRevendeur.service.js": {"path":"F:\\save\\EPSI\\msprPayeTonKawa\\api\\revendeur\\src\\services\\customerRevendeur.service.js","statementMap":{"0":{"start":{"line":1,"column":14},"end":{"line":1,"column":30}},"1":{"start":{"line":4,"column":2},"end":{"line":4,"column":96}},"2":{"start":{"line":7,"column":0},"end":{"line":9,"column":2}}},"fnMap":{"0":{"name":"allCustomer","decl":{"start":{"line":3,"column":15},"end":{"line":3,"column":26}},"loc":{"start":{"line":3,"column":29},"end":{"line":5,"column":1}},"line":3}},"branchMap":{},"s":{"0":1,"1":1,"2":1},"f":{"0":1},"b":{},"_coverageSchema":"1a1c01bbd47fc00a2c39e90264f33305004495a9","hash":"cb6cfaef1dc24ccde81b356cceefad249079ee71"}
,"F:\\save\\EPSI\\msprPayeTonKawa\\api\\revendeur\\src\\services\\productRevendeur.service.js": {"path":"F:\\save\\EPSI\\msprPayeTonKawa\\api\\revendeur\\src\\services\\productRevendeur.service.js","statementMap":{"0":{"start":{"line":1,"column":14},"end":{"line":1,"column":30}},"1":{"start":{"line":4,"column":2},"end":{"line":4,"column":95}},"2":{"start":{"line":8,"column":19},"end":{"line":8,"column":104}},"3":{"start":{"line":9,"column":17},"end":{"line":9,"column":104}},"4":{"start":{"line":9,"column":45},"end":{"line":9,"column":100}},"5":{"start":{"line":10,"column":2},"end":{"line":10,"column":16}},"6":{"start":{"line":13,"column":0},"end":{"line":15,"column":2}}},"fnMap":{"0":{"name":"allProduct","decl":{"start":{"line":3,"column":15},"end":{"line":3,"column":25}},"loc":{"start":{"line":3,"column":28},"end":{"line":5,"column":1}},"line":3},"1":{"name":"allStocks","decl":{"start":{"line":7,"column":15},"end":{"line":7,"column":24}},"loc":{"start":{"line":7,"column":26},"end":{"line":11,"column":1}},"line":7},"2":{"name":"(anonymous_2)","decl":{"start":{"line":9,"column":30},"end":{"line":9,"column":31}},"loc":{"start":{"line":9,"column":41},"end":{"line":9,"column":103}},"line":9}},"branchMap":{},"s":{"0":1,"1":1,"2":1,"3":1,"4":100,"5":1,"6":1},"f":{"0":1,"1":1,"2":100},"b":{},"_coverageSchema":"1a1c01bbd47fc00a2c39e90264f33305004495a9","hash":"affe757f871643f41f8edd303dc90a801cfe6f07"}
}
