{"F:\\save\\EPSI\\msprPayeTonKawa\\api\\api\\revendeur\\src\\services\\customerRevendeur.service.js": {"path":"F:\\save\\EPSI\\msprPayeTonKawa\\api\\api\\revendeur\\src\\services\\customerRevendeur.service.js","statementMap":{"0":{"start":{"line":1,"column":14},"end":{"line":1,"column":30}},"1":{"start":{"line":4,"column":4},"end":{"line":4,"column":97}},"2":{"start":{"line":7,"column":0},"end":{"line":9,"column":1}}},"fnMap":{"0":{"name":"allCustomer","decl":{"start":{"line":3,"column":15},"end":{"line":3,"column":26}},"loc":{"start":{"line":3,"column":29},"end":{"line":5,"column":1}},"line":3}},"branchMap":{},"s":{"0":1,"1":1,"2":1},"f":{"0":1},"b":{},"_coverageSchema":"1a1c01bbd47fc00a2c39e90264f33305004495a9","hash":"760c5fa8f06fc179b0c192063477850c3a48d4f4"}
,"F:\\save\\EPSI\\msprPayeTonKawa\\api\\api\\revendeur\\src\\services\\productRevendeur.service.js": {"path":"F:\\save\\EPSI\\msprPayeTonKawa\\api\\api\\revendeur\\src\\services\\productRevendeur.service.js","statementMap":{"0":{"start":{"line":1,"column":14},"end":{"line":1,"column":30}},"1":{"start":{"line":4,"column":4},"end":{"line":4,"column":96}},"2":{"start":{"line":8,"column":21},"end":{"line":8,"column":106}},"3":{"start":{"line":9,"column":19},"end":{"line":9,"column":105}},"4":{"start":{"line":9,"column":47},"end":{"line":9,"column":101}},"5":{"start":{"line":10,"column":4},"end":{"line":10,"column":17}},"6":{"start":{"line":14,"column":0},"end":{"line":16,"column":1}}},"fnMap":{"0":{"name":"allProduct","decl":{"start":{"line":3,"column":15},"end":{"line":3,"column":25}},"loc":{"start":{"line":3,"column":28},"end":{"line":5,"column":1}},"line":3},"1":{"name":"allStocks","decl":{"start":{"line":7,"column":15},"end":{"line":7,"column":24}},"loc":{"start":{"line":7,"column":26},"end":{"line":11,"column":1}},"line":7},"2":{"name":"(anonymous_2)","decl":{"start":{"line":9,"column":32},"end":{"line":9,"column":33}},"loc":{"start":{"line":9,"column":43},"end":{"line":9,"column":104}},"line":9}},"branchMap":{},"s":{"0":1,"1":1,"2":1,"3":1,"4":98,"5":1,"6":1},"f":{"0":1,"1":1,"2":98},"b":{},"_coverageSchema":"1a1c01bbd47fc00a2c39e90264f33305004495a9","hash":"2c42076644a1f5bcccd1a47fee98abb174f4d01c"}
}
