TN:
SF:src\security\verifyUser.js
FN:5,(anonymous_0)
FNF:1
FNH:1
FNDA:1,(anonymous_0)
DA:3,1
DA:5,1
DA:7,1
DA:8,0
DA:10,0
DA:11,0
DA:13,0
DA:14,0
DA:16,0
DA:18,0
DA:21,1
LF:11
LH:4
BRDA:7,0,0,1
BRDA:7,0,1,0
BRDA:7,0,2,0
BRDA:7,0,3,0
BRDA:10,1,0,0
BRDA:10,1,1,0
BRF:6
BRH:1
end_of_record
TN:
SF:src\services\customerRevendeur.service.js
FN:3,allCustomer
FNF:1
FNH:1
FNDA:1,allCustomer
DA:1,1
DA:4,1
DA:7,1
LF:3
LH:3
BRF:0
BRH:0
end_of_record
TN:
SF:src\services\productRevendeur.service.js
FN:3,allProduct
FN:7,allStocks
FN:9,(anonymous_2)
FNF:3
FNH:3
FNDA:1,allProduct
FNDA:1,allStocks
FNDA:100,(anonymous_2)
DA:1,1
DA:4,1
DA:8,1
DA:9,100
DA:10,1
DA:13,1
LF:6
LH:6
BRF:0
BRH:0
end_of_record
